<?xml version="1.0" encoding="UTF-8"?>
<!-- Generated by org.testng.reporters.JUnitReportReporter -->
<testsuite hostname="IN-1D66494" failures="0" tests="1" name="com.mystore.testcases.TC_ProductPageTest" time="8.495" errors="0" timestamp="2025-06-03T18:47:21 IST" skipped="0">
  <testcase classname="com.mystore.testcases.TC_ProductPageTest" name="VerifySearchProduct" time="8.495"/>
</testsuite> <!-- com.mystore.testcases.TC_ProductPageTest -->
